2019-06-24 15:57:26,027 | imap_monitor | INFO | connecting to IMAP server - imap.gmail.com
2019-06-24 15:57:26,280 | imap_monitor | INFO | server connection established
2019-06-24 15:57:26,282 | imap_monitor | INFO | selecting IMAP folder - INBOX
2019-06-24 15:57:26,319 | imap_monitor | INFO | folder selected
2019-06-24 15:57:27,445 | imap_monitor | INFO | no new messages seen
2019-06-24 15:57:28,533 | imap_monitor | INFO | no new messages seen
2019-06-24 15:57:29,632 | imap_monitor | INFO | no new messages seen
2019-06-24 15:57:30,728 | imap_monitor | INFO | no new messages seen
2019-06-24 15:57:31,890 | imap_monitor | INFO | no new messages seen
2019-06-24 15:57:32,981 | imap_monitor | INFO | no new messages seen
2019-06-24 15:57:34,042 | imap_monitor | INFO | no new messages seen
2019-06-24 15:57:35,137 | imap_monitor | INFO | no new messages seen
2019-06-24 15:57:36,243 | imap_monitor | INFO | no new messages seen
2019-06-24 15:57:37,332 | imap_monitor | INFO | no new messages seen
2019-06-24 15:57:38,418 | imap_monitor | INFO | no new messages seen
2019-06-24 15:57:39,511 | imap_monitor | INFO | no new messages seen
2019-06-24 15:57:40,598 | imap_monitor | INFO | no new messages seen
2019-06-24 15:57:41,691 | imap_monitor | INFO | no new messages seen
2019-06-24 15:57:42,790 | imap_monitor | INFO | no new messages seen
2019-06-24 15:57:43,882 | imap_monitor | INFO | no new messages seen
2019-06-24 15:57:44,978 | imap_monitor | INFO | no new messages seen
2019-06-24 15:57:46,069 | imap_monitor | INFO | no new messages seen
2019-06-24 15:57:47,165 | imap_monitor | INFO | no new messages seen
2019-06-24 15:57:48,257 | imap_monitor | INFO | no new messages seen
2019-06-24 15:57:49,358 | imap_monitor | INFO | no new messages seen
2019-06-24 15:57:50,448 | imap_monitor | INFO | no new messages seen
2019-06-24 15:57:51,537 | imap_monitor | INFO | no new messages seen
2019-06-24 15:57:52,656 | imap_monitor | INFO | no new messages seen
2019-06-24 15:57:53,743 | imap_monitor | INFO | no new messages seen
2019-06-24 15:57:54,836 | imap_monitor | INFO | no new messages seen
2019-06-24 15:57:55,936 | imap_monitor | INFO | no new messages seen
2019-06-24 15:57:57,021 | imap_monitor | INFO | no new messages seen
2019-06-24 15:57:58,120 | imap_monitor | INFO | no new messages seen
2019-06-24 15:57:59,212 | imap_monitor | INFO | no new messages seen
2019-06-24 15:58:00,300 | imap_monitor | INFO | no new messages seen
2019-06-24 15:58:01,398 | imap_monitor | INFO | no new messages seen
2019-06-24 15:58:02,492 | imap_monitor | INFO | no new messages seen
2019-06-24 15:58:03,550 | imap_monitor | INFO | no new messages seen
2019-06-24 15:58:04,645 | imap_monitor | INFO | no new messages seen
2019-06-24 15:58:05,751 | imap_monitor | INFO | no new messages seen
2019-06-24 15:58:06,838 | imap_monitor | INFO | no new messages seen
2019-06-24 15:58:07,928 | imap_monitor | INFO | no new messages seen
2019-06-24 15:58:09,026 | imap_monitor | INFO | no new messages seen
2019-06-24 15:58:10,122 | imap_monitor | INFO | no new messages seen
2019-06-24 15:58:11,213 | imap_monitor | INFO | no new messages seen
2019-06-24 15:58:12,310 | imap_monitor | INFO | no new messages seen
2019-06-24 15:58:13,398 | imap_monitor | INFO | no new messages seen
2019-06-24 15:58:14,547 | imap_monitor | INFO | no new messages seen
2019-06-24 15:58:15,637 | imap_monitor | INFO | no new messages seen
2019-06-24 15:58:16,725 | imap_monitor | INFO | no new messages seen
2019-06-24 15:58:17,816 | imap_monitor | INFO | no new messages seen
2019-06-24 15:58:18,903 | imap_monitor | INFO | no new messages seen
2019-06-24 15:58:19,997 | imap_monitor | INFO | no new messages seen
2019-06-24 15:58:21,090 | imap_monitor | INFO | no new messages seen
2019-06-24 15:58:22,208 | imap_monitor | INFO | no new messages seen
2019-06-24 15:58:23,297 | imap_monitor | INFO | no new messages seen
2019-06-24 15:58:24,393 | imap_monitor | INFO | no new messages seen
2019-06-24 15:58:25,497 | imap_monitor | INFO | no new messages seen
2019-06-24 15:58:26,596 | imap_monitor | INFO | no new messages seen
2019-06-24 15:58:27,757 | imap_monitor | INFO | no new messages seen
2019-06-24 15:58:28,846 | imap_monitor | INFO | no new messages seen
2019-06-24 15:58:29,940 | imap_monitor | INFO | no new messages seen
2019-06-24 15:58:31,032 | imap_monitor | INFO | no new messages seen
2019-06-24 15:58:32,198 | imap_monitor | INFO | no new messages seen
2019-06-24 15:58:33,254 | imap_monitor | INFO | no new messages seen
2019-06-24 15:58:34,356 | imap_monitor | INFO | no new messages seen
2019-06-24 15:58:35,443 | imap_monitor | INFO | no new messages seen
2019-06-24 15:58:36,535 | imap_monitor | INFO | no new messages seen
2019-06-24 15:58:37,628 | imap_monitor | INFO | no new messages seen
2019-06-24 15:58:38,722 | imap_monitor | INFO | no new messages seen
2019-06-24 15:58:39,822 | imap_monitor | INFO | no new messages seen
2019-06-24 15:58:41,018 | imap_monitor | INFO | no new messages seen
2019-06-24 15:58:42,114 | imap_monitor | INFO | no new messages seen
2019-06-24 15:58:43,202 | imap_monitor | INFO | no new messages seen
2019-06-24 15:58:44,300 | imap_monitor | INFO | no new messages seen
2019-06-24 15:58:45,391 | imap_monitor | INFO | no new messages seen
2019-06-24 15:58:46,486 | imap_monitor | INFO | no new messages seen
2019-06-24 15:58:47,584 | imap_monitor | INFO | no new messages seen
2019-06-24 15:58:48,675 | imap_monitor | INFO | no new messages seen
2019-06-24 15:58:49,765 | imap_monitor | INFO | no new messages seen
2019-06-24 15:58:50,857 | imap_monitor | INFO | no new messages seen
2019-06-24 15:58:51,959 | imap_monitor | INFO | no new messages seen
2019-06-24 15:58:53,052 | imap_monitor | INFO | no new messages seen
2019-06-24 15:58:54,143 | imap_monitor | INFO | no new messages seen
2019-06-24 15:58:55,236 | imap_monitor | INFO | no new messages seen
2019-06-24 15:58:56,326 | imap_monitor | INFO | no new messages seen
2019-06-24 15:58:57,426 | imap_monitor | INFO | no new messages seen
2019-06-24 15:58:58,513 | imap_monitor | INFO | no new messages seen
2019-06-24 15:58:59,607 | imap_monitor | INFO | no new messages seen
2019-06-24 15:59:00,737 | imap_monitor | INFO | no new messages seen
2019-06-24 15:59:01,828 | imap_monitor | INFO | no new messages seen
2019-06-24 15:59:02,921 | imap_monitor | INFO | no new messages seen
2019-06-24 15:59:03,982 | imap_monitor | INFO | no new messages seen
2019-06-24 15:59:05,081 | imap_monitor | INFO | no new messages seen
2019-06-24 15:59:06,173 | imap_monitor | INFO | no new messages seen
2019-06-24 15:59:07,267 | imap_monitor | INFO | no new messages seen
2019-06-24 15:59:08,355 | imap_monitor | INFO | no new messages seen
2019-06-24 15:59:09,452 | imap_monitor | INFO | no new messages seen
2019-06-24 15:59:10,545 | imap_monitor | INFO | no new messages seen
2019-06-24 15:59:11,634 | imap_monitor | INFO | no new messages seen
2019-06-24 15:59:12,725 | imap_monitor | INFO | no new messages seen
2019-06-24 15:59:35,344 | imap_monitor | INFO | connecting to IMAP server - imap.gmail.com
2019-06-24 15:59:35,355 | imap_monitor | ERROR | failed to connect to IMAP server - DoesNotExist: ImapAccount matching query does not exist.; 
2019-06-24 15:59:45,367 | imap_monitor | INFO | connecting to IMAP server - imap.gmail.com
2019-06-24 15:59:45,372 | imap_monitor | ERROR | failed to connect to IMAP server - DoesNotExist: ImapAccount matching query does not exist.; 
2019-06-24 15:59:55,388 | imap_monitor | INFO | connecting to IMAP server - imap.gmail.com
2019-06-24 15:59:55,392 | imap_monitor | ERROR | failed to connect to IMAP server - DoesNotExist: ImapAccount matching query does not exist.; 
2019-06-24 16:00:05,369 | imap_monitor | INFO | connecting to IMAP server - imap.gmail.com
2019-06-24 16:00:05,373 | imap_monitor | ERROR | failed to connect to IMAP server - DoesNotExist: ImapAccount matching query does not exist.; 
2019-06-24 16:00:15,384 | imap_monitor | INFO | connecting to IMAP server - imap.gmail.com
2019-06-24 16:00:15,387 | imap_monitor | ERROR | failed to connect to IMAP server - DoesNotExist: ImapAccount matching query does not exist.; 
2019-06-24 16:00:25,394 | imap_monitor | INFO | connecting to IMAP server - imap.gmail.com
2019-06-24 16:00:25,399 | imap_monitor | ERROR | failed to connect to IMAP server - DoesNotExist: ImapAccount matching query does not exist.; 
2019-06-24 16:00:35,378 | imap_monitor | INFO | connecting to IMAP server - imap.gmail.com
2019-06-24 16:00:35,383 | imap_monitor | ERROR | failed to connect to IMAP server - DoesNotExist: ImapAccount matching query does not exist.; 
2019-06-24 16:00:45,391 | imap_monitor | INFO | connecting to IMAP server - imap.gmail.com
2019-06-24 16:00:45,394 | imap_monitor | ERROR | failed to connect to IMAP server - DoesNotExist: ImapAccount matching query does not exist.; 
2019-06-24 16:00:55,406 | imap_monitor | INFO | connecting to IMAP server - imap.gmail.com
2019-06-24 16:00:55,410 | imap_monitor | ERROR | failed to connect to IMAP server - DoesNotExist: ImapAccount matching query does not exist.; 
2019-06-24 16:01:05,384 | imap_monitor | INFO | connecting to IMAP server - imap.gmail.com
2019-06-24 16:01:05,389 | imap_monitor | ERROR | failed to connect to IMAP server - DoesNotExist: ImapAccount matching query does not exist.; 
2019-06-24 16:01:13,353 | imap_monitor | INFO | connecting to IMAP server - imap.gmail.com
2019-06-24 16:01:13,601 | imap_monitor | INFO | server connection established
2019-06-24 16:01:13,602 | imap_monitor | INFO | selecting IMAP folder - INBOX
2019-06-24 16:01:13,663 | imap_monitor | INFO | folder selected
2019-06-24 16:01:14,786 | imap_monitor | INFO | no new messages seen
2019-06-24 16:01:15,885 | imap_monitor | INFO | no new messages seen
2019-06-24 16:01:16,985 | imap_monitor | INFO | no new messages seen
2019-06-24 16:01:18,085 | imap_monitor | INFO | no new messages seen
2019-06-24 16:01:19,179 | imap_monitor | INFO | no new messages seen
2019-06-24 16:01:20,272 | imap_monitor | INFO | no new messages seen
2019-06-24 16:01:21,370 | imap_monitor | INFO | no new messages seen
2019-06-24 16:01:22,472 | imap_monitor | INFO | no new messages seen
2019-06-24 16:01:23,573 | imap_monitor | INFO | no new messages seen
2019-06-24 16:01:24,687 | imap_monitor | INFO | no new messages seen
2019-06-24 16:01:25,787 | imap_monitor | INFO | no new messages seen
2019-06-24 16:01:26,890 | imap_monitor | INFO | no new messages seen
2019-06-24 16:01:27,985 | imap_monitor | INFO | no new messages seen
2019-06-24 16:01:29,077 | imap_monitor | INFO | no new messages seen
2019-06-24 16:01:30,177 | imap_monitor | INFO | no new messages seen
2019-06-24 16:01:31,270 | imap_monitor | INFO | no new messages seen
2019-06-24 16:01:32,364 | imap_monitor | INFO | no new messages seen
2019-06-24 16:01:33,422 | imap_monitor | INFO | no new messages seen
2019-06-24 16:01:34,524 | imap_monitor | INFO | no new messages seen
2019-06-24 16:01:35,619 | imap_monitor | INFO | no new messages seen
2019-06-24 16:01:36,719 | imap_monitor | INFO | no new messages seen
2019-06-24 16:01:37,821 | imap_monitor | INFO | no new messages seen
2019-06-24 16:01:38,981 | imap_monitor | INFO | no new messages seen
2019-06-24 16:01:40,072 | imap_monitor | INFO | no new messages seen
2019-06-24 16:01:41,170 | imap_monitor | INFO | no new messages seen
2019-06-24 16:01:42,272 | imap_monitor | INFO | no new messages seen
2019-06-24 16:01:43,370 | imap_monitor | INFO | no new messages seen
2019-06-24 16:01:44,466 | imap_monitor | INFO | no new messages seen
2019-06-24 16:01:45,556 | imap_monitor | INFO | no new messages seen
2019-06-24 16:01:46,656 | imap_monitor | INFO | no new messages seen
2019-06-24 16:01:47,759 | imap_monitor | INFO | no new messages seen
2019-06-24 16:01:48,875 | imap_monitor | INFO | no new messages seen
2019-06-24 16:01:49,968 | imap_monitor | INFO | no new messages seen
2019-06-24 16:01:51,068 | imap_monitor | INFO | no new messages seen
2019-06-24 16:01:52,168 | imap_monitor | INFO | no new messages seen
2019-06-24 16:01:53,261 | imap_monitor | INFO | no new messages seen
2019-06-24 16:01:54,355 | imap_monitor | INFO | no new messages seen
2019-06-24 16:01:55,450 | imap_monitor | INFO | no new messages seen
2019-06-24 16:01:58,252 | imap_monitor | INFO | connecting to IMAP server - imap.gmail.com
2019-06-24 16:01:58,434 | imap_monitor | INFO | server connection established
2019-06-24 16:01:58,436 | imap_monitor | INFO | selecting IMAP folder - INBOX
2019-06-24 16:01:58,496 | imap_monitor | INFO | folder selected
2019-06-24 16:02:08,623 | imap_monitor | INFO | 1 new unread messages - [2937]
2019-06-24 16:02:08,674 | imap_monitor | INFO | processing email 2937 - {'BODY[HEADER.FIELDS (SUBJECT)]': 'Subject: Your YoUPS account is ready!\r\n\r\n', 'SEQ': 2487}
2019-06-24 16:02:48,590 | imap_monitor | INFO | connecting to IMAP server - imap.gmail.com
2019-06-24 16:02:48,852 | imap_monitor | INFO | server connection established
2019-06-24 16:02:48,855 | imap_monitor | INFO | selecting IMAP folder - INBOX
2019-06-24 16:02:49,031 | imap_monitor | INFO | folder selected
2019-06-24 16:02:50,161 | imap_monitor | INFO | no new messages seen
2019-06-24 16:02:51,265 | imap_monitor | INFO | no new messages seen
2019-06-24 16:02:52,363 | imap_monitor | INFO | no new messages seen
2019-06-24 16:02:53,496 | imap_monitor | INFO | no new messages seen
2019-06-24 16:02:54,607 | imap_monitor | INFO | no new messages seen
2019-06-24 16:02:55,703 | imap_monitor | INFO | no new messages seen
2019-06-24 16:02:56,826 | imap_monitor | INFO | no new messages seen
2019-06-24 16:02:57,974 | imap_monitor | INFO | no new messages seen
2019-06-24 16:02:59,077 | imap_monitor | INFO | no new messages seen
2019-06-24 16:03:00,179 | imap_monitor | INFO | no new messages seen
2019-06-24 16:03:01,278 | imap_monitor | INFO | no new messages seen
2019-06-24 16:03:02,376 | imap_monitor | INFO | no new messages seen
2019-06-24 16:03:03,451 | imap_monitor | INFO | no new messages seen
2019-06-24 16:03:04,550 | imap_monitor | INFO | no new messages seen
2019-06-24 16:03:05,650 | imap_monitor | INFO | no new messages seen
2019-06-24 16:03:06,745 | imap_monitor | INFO | no new messages seen
2019-06-24 16:03:07,841 | imap_monitor | INFO | no new messages seen
2019-06-24 16:03:08,937 | imap_monitor | INFO | no new messages seen
2019-06-24 16:03:10,034 | imap_monitor | INFO | no new messages seen
2019-06-24 16:03:11,139 | imap_monitor | INFO | no new messages seen
2019-06-24 16:03:12,243 | imap_monitor | INFO | no new messages seen
2019-06-24 16:03:13,337 | imap_monitor | INFO | no new messages seen
2019-06-24 16:03:14,434 | imap_monitor | INFO | no new messages seen
2019-06-24 16:03:15,539 | imap_monitor | INFO | no new messages seen
2019-06-24 16:03:16,645 | imap_monitor | INFO | no new messages seen
2019-06-24 16:03:17,738 | imap_monitor | INFO | no new messages seen
2019-06-24 16:03:18,839 | imap_monitor | INFO | no new messages seen
2019-06-24 16:03:19,933 | imap_monitor | INFO | no new messages seen
2019-06-24 16:03:21,027 | imap_monitor | INFO | no new messages seen
2019-06-24 16:03:22,149 | imap_monitor | INFO | no new messages seen
